<?xml version="1.0" encoding="UTF-8"?>
<testsuite xmlns:xsi="http://www.w3.org/2001/XMLSchema-instance" xsi:schemaLocation="https://maven.apache.org/surefire/maven-surefire-plugin/xsd/surefire-test-report.xsd" name="Parallel02IT" time="10.163" tests="5" errors="2" skipped="3" failures="0">
  <properties>
[...]
</properties>
  <testcase name="Given User is on Home Page on iOS" classname="Scenario: Successful Login with Valid Credentials on iOS" time="0.003">
    <error message="Connection refused: connect&#10;Build info: version: &apos;3.14.0&apos;, revision: &apos;aacccce0&apos;, time: &apos;2018-08-02T20:19:58.91Z&apos;&#10;System info: host: &apos;SWAP-PC&apos;, ip: &apos;192.168.43.190&apos;, os.name: &apos;Windows 7&apos;, os.arch: &apos;amd64&apos;, os.version: &apos;6.1&apos;, java.version: &apos;1.8.0_171&apos;&#10;Driver info: driver.version: IOSDriver" type="org.openqa.selenium.WebDriverException">org.openqa.selenium.WebDriverException: 
Connection refused: connect
Build info: version: '3.14.0', revision: 'aacccce0', time: '2018-08-02T20:19:58.91Z'
System info: host: 'SWAP-PC', ip: '192.168.43.190', os.name: 'Windows 7', os.arch: 'amd64', os.version: '6.1', java.version: '1.8.0_171'
Driver info: driver.version: IOSDriver
Caused by: java.net.ConnectException: Connection refused: connect
</error>
  </testcase>
  <testcase name="Scenario: Successful Login with Valid Credentials on iOS" classname="Scenario: Successful Login with Valid Credentials on iOS" time="0.01">
    <error message="Connection refused: connect&#10;Build info: version: &apos;3.14.0&apos;, revision: &apos;aacccce0&apos;, time: &apos;2018-08-02T20:19:58.91Z&apos;&#10;System info: host: &apos;SWAP-PC&apos;, ip: &apos;192.168.43.190&apos;, os.name: &apos;Windows 7&apos;, os.arch: &apos;amd64&apos;, os.version: &apos;6.1&apos;, java.version: &apos;1.8.0_171&apos;&#10;Driver info: driver.version: IOSDriver" type="org.openqa.selenium.WebDriverException">org.openqa.selenium.WebDriverException: 
Connection refused: connect
Build info: version: '3.14.0', revision: 'aacccce0', time: '2018-08-02T20:19:58.91Z'
System info: host: 'SWAP-PC', ip: '192.168.43.190', os.name: 'Windows 7', os.arch: 'amd64', os.version: '6.1', java.version: '1.8.0_171'
Driver info: driver.version: IOSDriver
Caused by: java.net.ConnectException: Connection refused: connect
</error>
  </testcase>
  <testcase name="When User Navigate to LogIn Page on iOS" classname="Scenario: Successful Login with Valid Credentials on iOS" time="0">
    <skipped/>
  </testcase>
  <testcase name="And User enters UserName and Password on iOS" classname="Scenario: Successful Login with Valid Credentials on iOS" time="0">
    <skipped/>
  </testcase>
  <testcase name="Then Message displayed Login Successfully on iOS" classname="Scenario: Successful Login with Valid Credentials on iOS" time="0">
    <skipped/>
  </testcase>
</testsuite>